<?xml version="1.0" encoding="UTF-8"?>
<testsuites name="jest tests" tests="2" failures="1" errors="0" time="0.944">
  <testsuite name="tests" errors="0" failures="1" skipped="0" timestamp="2024-07-03T16:01:31" time="0.915" tests="2">
    <testcase classname="tests should callThis" name="tests should callThis" time="0.003">
    </testcase>
    <testcase classname="tests should callThat" name="tests should callThat" time="0.012">
      <failure>Error: expect(received).toBe(expected) // Object.is equality

Expected: false
Received: true
    at Object.&lt;anonymous&gt; (file:///test/index.test.ts:27:28)
    at Promise.then.completed (/node_modules/jest-circus/build/utils.js:298:28)
    at new Promise (&lt;anonymous&gt;)
    at callAsyncCircusFn (/node_modules/jest-circus/build/utils.js:231:10)
    at _callCircusTest (/node_modules/jest-circus/build/run.js:316:40)
    at processTicksAndRejections (node:internal/process/task_queues:95:5)
    at async _runTest (/node_modules/jest-circus/build/run.js:252:3)
    at async _runTestsForDescribeBlock (/node_modules/jest-circus/build/run.js:126:9)
    at async _runTestsForDescribeBlock (/node_modules/jest-circus/build/run.js:121:9)
    at async run (/node_modules/jest-circus/build/run.js:71:3)
    at async runAndTransformResultsToJestFormat (/node_modules/jest-circus/build/legacy-code-todo-rewrite/jestAdapterInit.js:122:21)
    at async jestAdapter (/node_modules/jest-circus/build/legacy-code-todo-rewrite/jestAdapter.js:79:19)
    at async runTestInternal (/node_modules/jest-runner/build/runTest.js:367:16)
    at async runTest (/node_modules/jest-runner/build/runTest.js:444:34)</failure>
    </testcase>
  </testsuite>
</testsuites>